2024-12-05 10:46:50,138 - INFO - Encountered older or already-scraped link: https://www.sbp.org.pk/ecodata/kibor/2024/Dec/Kibor-04-Dec-24.pdf. Exiting...
2024-12-05 10:46:52,707 - INFO - Scraping started for date: 2024-12-05 00:00:00
2024-12-05 10:46:52,852 - INFO - Data scraping completed. JSON saved.
2024-12-05 11:01:22,531 - INFO - Encountered older or already-scraped link: https://www.sbp.org.pk/ecodata/kibor/2024/Dec/Kibor-04-Dec-24.pdf. Exiting...
2024-12-05 11:01:24,951 - INFO - Scraping started for date: 2024-12-05 00:00:00
2024-12-05 11:01:25,087 - INFO - Data scraping completed. JSON saved.
2025-02-19 15:32:39,194 - INFO - Encountered older or already-scraped link: https://www.sbp.org.pk/ecodata/kibor/2024/Dec/Kibor-05-Dec-24.pdf. Exiting...
2025-02-19 15:32:41,560 - INFO - Scraping started for date: 2025-02-13 00:00:00
2025-02-19 15:32:41,565 - INFO - Scraping started for date: 2025-02-17 00:00:00
2025-02-19 15:32:41,630 - INFO - Scraping started for date: 2025-02-19 00:00:00
2025-02-19 15:32:41,757 - INFO - Scraping started for date: 2025-02-18 00:00:00
2025-02-19 15:32:41,780 - INFO - Scraping started for date: 2025-02-14 00:00:00
2025-02-19 15:32:43,953 - INFO - Scraping started for date: 2025-02-11 00:00:00
2025-02-19 15:32:43,982 - INFO - Scraping started for date: 2025-02-10 00:00:00
2025-02-19 15:32:44,001 - INFO - Scraping started for date: 2025-02-06 00:00:00
2025-02-19 15:32:44,020 - INFO - Scraping started for date: 2025-02-12 00:00:00
2025-02-19 15:32:44,060 - INFO - Scraping started for date: 2025-02-07 00:00:00
2025-02-19 15:32:44,645 - INFO - Scraping started for date: 2025-01-30 00:00:00
2025-02-19 15:32:44,674 - INFO - Scraping started for date: 2025-02-03 00:00:00
2025-02-19 15:32:46,380 - INFO - Scraping started for date: 2025-01-31 00:00:00
2025-02-19 15:32:46,404 - INFO - Scraping started for date: 2025-01-29 00:00:00
2025-02-19 15:32:46,530 - INFO - Scraping started for date: 2025-02-04 00:00:00
2025-02-19 15:32:46,953 - INFO - Scraping started for date: 2025-01-28 00:00:00
2025-02-19 15:32:47,102 - INFO - Scraping started for date: 2025-01-27 00:00:00
2025-02-19 15:32:48,878 - INFO - Scraping started for date: 2025-01-23 00:00:00
2025-02-19 15:32:48,936 - INFO - Scraping started for date: 2025-01-24 00:00:00
2025-02-19 15:32:49,030 - INFO - Scraping started for date: 2025-01-22 00:00:00
2025-02-19 15:32:49,157 - INFO - Scraping started for date: 2025-01-21 00:00:00
2025-02-19 15:32:51,229 - INFO - Scraping started for date: 2025-01-17 00:00:00
2025-02-19 15:32:51,257 - INFO - Scraping started for date: 2025-01-16 00:00:00
2025-02-19 15:32:51,381 - INFO - Scraping started for date: 2025-01-15 00:00:00
2025-02-19 15:32:51,429 - INFO - Scraping started for date: 2025-01-14 00:00:00
2025-02-19 15:32:53,511 - INFO - Scraping started for date: 2025-01-13 00:00:00
2025-02-19 15:32:53,617 - INFO - Scraping started for date: 2025-01-09 00:00:00
2025-02-19 15:32:53,679 - INFO - Scraping started for date: 2025-01-08 00:00:00
2025-02-19 15:32:53,769 - INFO - Scraping started for date: 2025-01-10 00:00:00
2025-02-19 15:32:54,055 - INFO - Scraping started for date: 2025-01-07 00:00:00
2025-02-19 15:32:54,414 - INFO - Scraping started for date: 2025-01-20 00:00:00
2025-02-19 15:32:54,718 - INFO - Scraping started for date: 2024-12-31 00:00:00
2025-02-19 15:32:55,113 - INFO - Scraping started for date: 2024-12-30 00:00:00
2025-02-19 15:32:55,914 - INFO - Scraping started for date: 2024-12-26 00:00:00
2025-02-19 15:32:56,047 - INFO - Scraping started for date: 2025-01-03 00:00:00
2025-02-19 15:32:56,184 - INFO - Scraping started for date: 2025-01-06 00:00:00
2025-02-19 15:32:56,213 - INFO - Scraping started for date: 2025-01-02 00:00:00
2025-02-19 15:32:56,850 - INFO - Scraping started for date: 2024-12-19 00:00:00
2025-02-19 15:32:57,162 - INFO - Scraping started for date: 2024-12-27 00:00:00
2025-02-19 15:32:57,534 - INFO - Scraping started for date: 2024-12-18 00:00:00
2025-02-19 15:32:57,713 - INFO - Scraping started for date: 2024-12-17 00:00:00
2025-02-19 15:32:58,399 - INFO - Scraping started for date: 2024-12-23 00:00:00
2025-02-19 15:32:58,428 - INFO - Scraping started for date: 2024-12-24 00:00:00
2025-02-19 15:32:58,634 - INFO - Scraping started for date: 2024-12-20 00:00:00
2025-02-19 15:33:00,154 - INFO - Scraping started for date: 2024-12-13 00:00:00
2025-02-19 15:33:00,260 - INFO - Scraping started for date: 2024-12-16 00:00:00
2025-02-19 15:33:00,919 - INFO - Scraping started for date: 2024-12-11 00:00:00
2025-02-19 15:33:00,965 - INFO - Scraping started for date: 2024-12-12 00:00:00
2025-02-19 15:33:01,011 - INFO - Scraping started for date: 2024-12-10 00:00:00
2025-02-19 15:33:01,019 - INFO - Scraping started for date: 2024-12-09 00:00:00
2025-02-19 15:33:02,802 - INFO - Scraping started for date: 2024-12-06 00:00:00
2025-02-19 15:33:02,936 - INFO - Data scraping completed. JSON saved.
2025-02-19 15:44:11,527 - INFO - Encountered older or already-scraped link: https://www.sbp.org.pk/ecodata/kibor/2024/Dec/Kibor-06-Dec-24.pdf. Exiting...
2025-02-19 15:44:13,903 - INFO - Scraping started for date: 2025-02-17 00:00:00
2025-02-19 15:44:13,906 - INFO - Scraping started for date: 2025-02-18 00:00:00
2025-02-19 15:44:13,951 - INFO - Scraping started for date: 2025-02-14 00:00:00
2025-02-19 15:44:13,969 - INFO - Scraping started for date: 2025-02-13 00:00:00
2025-02-19 15:44:14,138 - INFO - Scraping started for date: 2025-02-19 00:00:00
2025-02-19 15:44:16,141 - INFO - Scraping started for date: 2025-02-10 00:00:00
2025-02-19 15:44:16,246 - INFO - Scraping started for date: 2025-02-07 00:00:00
2025-02-19 15:44:16,385 - INFO - Scraping started for date: 2025-02-12 00:00:00
2025-02-19 15:44:16,416 - INFO - Scraping started for date: 2025-02-11 00:00:00
2025-02-19 15:44:16,641 - INFO - Scraping started for date: 2025-02-06 00:00:00
2025-02-19 15:44:18,347 - INFO - Scraping started for date: 2025-02-04 00:00:00
2025-02-19 15:44:18,709 - INFO - Scraping started for date: 2025-01-30 00:00:00
2025-02-19 15:44:18,736 - INFO - Scraping started for date: 2025-02-03 00:00:00
2025-02-19 15:44:18,826 - INFO - Scraping started for date: 2025-01-31 00:00:00
2025-02-19 15:44:18,978 - INFO - Scraping started for date: 2025-01-29 00:00:00
2025-02-19 15:44:19,236 - INFO - Scraping started for date: 2025-01-27 00:00:00
2025-02-19 15:44:19,787 - INFO - Scraping started for date: 2025-01-23 00:00:00
2025-02-19 15:44:21,041 - INFO - Scraping started for date: 2025-01-24 00:00:00
2025-02-19 15:44:21,054 - INFO - Scraping started for date: 2025-01-28 00:00:00
2025-02-19 15:44:21,389 - INFO - Scraping started for date: 2025-01-22 00:00:00
2025-02-19 15:44:21,507 - INFO - Scraping started for date: 2025-01-21 00:00:00
2025-02-19 15:44:21,868 - INFO - Scraping started for date: 2025-01-17 00:00:00
2025-02-19 15:44:22,010 - INFO - Scraping started for date: 2025-01-15 00:00:00
2025-02-19 15:44:22,485 - INFO - Scraping started for date: 2025-01-20 00:00:00
2025-02-19 15:44:22,655 - INFO - Scraping started for date: 2025-01-13 00:00:00
2025-02-19 15:44:23,503 - INFO - Scraping started for date: 2025-01-16 00:00:00
2025-02-19 15:44:24,017 - INFO - Scraping started for date: 2025-01-14 00:00:00
2025-02-19 15:44:24,122 - INFO - Scraping started for date: 2025-01-07 00:00:00
2025-02-19 15:44:24,434 - INFO - Scraping started for date: 2025-01-10 00:00:00
2025-02-19 15:44:25,037 - INFO - Scraping started for date: 2025-01-09 00:00:00
2025-02-19 15:44:25,064 - INFO - Scraping started for date: 2025-01-08 00:00:00
2025-02-19 15:44:25,783 - INFO - Scraping started for date: 2024-12-30 00:00:00
2025-02-19 15:44:25,884 - INFO - Scraping started for date: 2024-12-31 00:00:00
2025-02-19 15:44:26,582 - INFO - Scraping started for date: 2025-01-03 00:00:00
2025-02-19 15:44:26,634 - INFO - Scraping started for date: 2025-01-06 00:00:00
2025-02-19 15:44:26,930 - INFO - Scraping started for date: 2025-01-02 00:00:00
2025-02-19 15:44:27,137 - INFO - Scraping started for date: 2024-12-24 00:00:00
2025-02-19 15:44:27,969 - INFO - Scraping started for date: 2024-12-27 00:00:00
2025-02-19 15:44:28,209 - INFO - Scraping started for date: 2024-12-26 00:00:00
2025-02-19 15:44:28,997 - INFO - Scraping started for date: 2024-12-18 00:00:00
2025-02-19 15:44:29,016 - INFO - Scraping started for date: 2024-12-17 00:00:00
2025-02-19 15:44:29,426 - INFO - Scraping started for date: 2024-12-20 00:00:00
2025-02-19 15:44:29,461 - INFO - Scraping started for date: 2024-12-23 00:00:00
2025-02-19 15:44:29,487 - INFO - Scraping started for date: 2024-12-19 00:00:00
2025-02-19 15:44:30,198 - INFO - Scraping started for date: 2024-12-11 00:00:00
2025-02-19 15:44:30,224 - INFO - Scraping started for date: 2024-12-12 00:00:00
2025-02-19 15:44:31,401 - INFO - Scraping started for date: 2024-12-16 00:00:00
2025-02-19 15:44:31,459 - INFO - Scraping started for date: 2024-12-13 00:00:00
2025-02-19 15:44:31,789 - INFO - Scraping started for date: 2024-12-10 00:00:00
2025-02-19 15:44:32,484 - INFO - Scraping started for date: 2024-12-09 00:00:00
2025-02-19 15:44:32,622 - INFO - Data scraping completed. JSON saved.
2025-02-19 15:47:55,576 - INFO - Encountered older or already-scraped link: https://www.sbp.org.pk/ecodata/kibor/2025/Feb/Kibor-19-Feb-25.pdf. Exiting...
2025-02-19 15:47:55,736 - INFO - Data scraping completed. JSON saved.
2025-02-21 19:28:11,034 - INFO - Data scraping completed. JSON saved.
2025-02-21 14:35:33,996 - INFO - Data scraping completed. JSON saved.
2025-02-21 14:36:30,838 - INFO - Data scraping completed. JSON saved.
2025-02-21 19:42:15,292 - INFO - Encountered older or already-scraped link: https://www.sbp.org.pk/ecodata/kibor/2025/Feb/Kibor-19-Feb-25.pdf. Exiting...
2025-02-21 19:42:17,459 - INFO - Scraping started for date: 2025-02-21 00:00:00
2025-02-21 19:42:17,679 - INFO - Scraping started for date: 2025-02-20 00:00:00
2025-02-21 19:42:17,843 - INFO - Data scraping completed. JSON saved.
2025-02-22 11:12:44,127 - INFO - Encountered older or already-scraped link: https://www.sbp.org.pk/ecodata/kibor/2025/Feb/Kibor-21-Feb-25.pdf. Exiting...
2025-02-22 11:12:44,304 - INFO - Data scraping completed. JSON saved.
2025-02-23 11:13:48,060 - INFO - Encountered older or already-scraped link: https://www.sbp.org.pk/ecodata/kibor/2025/Feb/Kibor-21-Feb-25.pdf. Exiting...
2025-02-23 11:13:48,552 - INFO - Data scraping completed. JSON saved.
2025-02-24 11:14:24,920 - INFO - Encountered older or already-scraped link: https://www.sbp.org.pk/ecodata/kibor/2025/Feb/Kibor-21-Feb-25.pdf. Exiting...
2025-02-24 11:14:27,074 - INFO - Scraping started for date: 2025-02-24 00:00:00
2025-02-24 11:14:27,240 - INFO - Data scraping completed. JSON saved.
2025-02-25 11:14:48,868 - INFO - Encountered older or already-scraped link: https://www.sbp.org.pk/ecodata/kibor/2025/Feb/Kibor-24-Feb-25.pdf. Exiting...
2025-02-25 11:14:49,482 - INFO - Scraping started for date: 2025-02-25 00:00:00
2025-02-25 11:14:49,653 - INFO - Data scraping completed. JSON saved.
2025-02-26 11:16:13,899 - INFO - Encountered older or already-scraped link: https://www.sbp.org.pk/ecodata/kibor/2025/Feb/Kibor-25-Feb-25.pdf. Exiting...
2025-02-26 11:16:14,107 - INFO - Data scraping completed. JSON saved.
2025-02-27 11:14:22,282 - INFO - Encountered older or already-scraped link: https://www.sbp.org.pk/ecodata/kibor/2025/Feb/Kibor-25-Feb-25.pdf. Exiting...
2025-02-27 11:14:24,476 - INFO - Scraping started for date: 2025-02-26 00:00:00
2025-02-27 11:14:24,676 - INFO - Data scraping completed. JSON saved.
2025-02-28 11:14:30,831 - INFO - Encountered older or already-scraped link: https://www.sbp.org.pk/ecodata/kibor/2025/Feb/Kibor-26-Feb-25.pdf. Exiting...
2025-02-28 11:14:32,946 - INFO - Scraping started for date: 2025-02-27 00:00:00
2025-02-28 11:14:33,140 - INFO - Data scraping completed. JSON saved.
2025-03-01 11:13:30,049 - INFO - Encountered older or already-scraped link: https://www.sbp.org.pk/ecodata/kibor/2025/Feb/Kibor-27-Feb-25.pdf. Exiting...
2025-03-01 11:13:38,714 - INFO - Scraping started for date: 2025-02-28 00:00:00
2025-03-01 11:13:38,882 - INFO - Data scraping completed. JSON saved.
2025-03-02 11:14:19,060 - INFO - Encountered older or already-scraped link: https://www.sbp.org.pk/ecodata/kibor/2025/Feb/Kibor-28-Feb-25.pdf. Exiting...
2025-03-02 11:14:19,245 - INFO - Data scraping completed. JSON saved.
2025-03-03 11:15:03,733 - INFO - Encountered older or already-scraped link: https://www.sbp.org.pk/ecodata/kibor/2025/Feb/Kibor-28-Feb-25.pdf. Exiting...
2025-03-03 11:15:03,914 - INFO - Data scraping completed. JSON saved.
2025-03-04 11:14:37,495 - INFO - Encountered older or already-scraped link: https://www.sbp.org.pk/ecodata/kibor/2025/Feb/Kibor-28-Feb-25.pdf. Exiting...
2025-03-04 11:14:46,511 - INFO - Scraping started for date: 2025-03-04 00:00:00
2025-03-04 11:14:46,688 - INFO - Data scraping completed. JSON saved.
2025-03-05 11:15:12,206 - INFO - Encountered older or already-scraped link: https://www.sbp.org.pk/ecodata/kibor/2025/Mar/Kibor-04-Mar-25.pdf. Exiting...
2025-03-05 11:15:18,066 - INFO - Scraping started for date: 2025-03-05 00:00:00
2025-03-05 11:15:18,273 - INFO - Data scraping completed. JSON saved.
2025-03-06 11:14:46,693 - INFO - Encountered older or already-scraped link: https://www.sbp.org.pk/ecodata/kibor/2025/Mar/Kibor-05-Mar-25.pdf. Exiting...
2025-03-06 11:14:52,491 - INFO - Scraping started for date: 2025-03-06 00:00:00
2025-03-06 11:14:52,667 - INFO - Data scraping completed. JSON saved.
2025-03-07 11:14:52,962 - INFO - Encountered older or already-scraped link: https://www.sbp.org.pk/ecodata/kibor/2025/Mar/Kibor-06-Mar-25.pdf. Exiting...
2025-03-07 11:15:00,428 - INFO - Scraping started for date: 2025-03-07 00:00:00
2025-03-07 11:15:00,617 - INFO - Data scraping completed. JSON saved.
2025-03-08 11:13:05,923 - INFO - Encountered older or already-scraped link: https://www.sbp.org.pk/ecodata/kibor/2025/Mar/Kibor-07-Mar-25.pdf. Exiting...
2025-03-08 11:13:06,101 - INFO - Data scraping completed. JSON saved.
2025-03-09 11:13:23,831 - INFO - Encountered older or already-scraped link: https://www.sbp.org.pk/ecodata/kibor/2025/Mar/Kibor-07-Mar-25.pdf. Exiting...
2025-03-09 11:13:24,014 - INFO - Data scraping completed. JSON saved.
2025-03-10 11:12:58,262 - INFO - Encountered older or already-scraped link: https://www.sbp.org.pk/ecodata/kibor/2025/Mar/Kibor-07-Mar-25.pdf. Exiting...
2025-03-10 11:13:04,836 - INFO - Scraping started for date: 2025-03-10 00:00:00
2025-03-10 11:13:05,020 - INFO - Data scraping completed. JSON saved.
2025-03-11 11:15:01,790 - INFO - Encountered older or already-scraped link: https://www.sbp.org.pk/ecodata/kibor/2025/Mar/Kibor-10-Mar-25.pdf. Exiting...
2025-03-11 11:15:09,703 - INFO - Scraping started for date: 2025-03-11 00:00:00
2025-03-11 11:15:09,871 - INFO - Data scraping completed. JSON saved.
2025-03-12 11:15:05,489 - INFO - Encountered older or already-scraped link: https://www.sbp.org.pk/ecodata/kibor/2025/Mar/Kibor-11-Mar-25.pdf. Exiting...
2025-03-12 11:15:13,446 - INFO - Scraping started for date: 2025-03-12 00:00:00
2025-03-12 11:15:13,622 - INFO - Data scraping completed. JSON saved.
2025-03-13 11:15:35,661 - INFO - Encountered older or already-scraped link: https://www.sbp.org.pk/ecodata/kibor/2025/Mar/Kibor-12-Mar-25.pdf. Exiting...
2025-03-13 11:15:42,185 - INFO - Scraping started for date: 2025-03-13 00:00:00
2025-03-13 11:15:42,395 - INFO - Data scraping completed. JSON saved.
2025-03-14 11:15:14,061 - INFO - Encountered older or already-scraped link: https://www.sbp.org.pk/ecodata/kibor/2025/Mar/Kibor-13-Mar-25.pdf. Exiting...
2025-03-14 11:15:21,255 - INFO - Scraping started for date: 2025-03-14 00:00:00
2025-03-14 11:15:21,451 - INFO - Data scraping completed. JSON saved.
2025-03-15 11:13:30,174 - INFO - Encountered older or already-scraped link: https://www.sbp.org.pk/ecodata/kibor/2025/Mar/Kibor-14-Mar-25.pdf. Exiting...
2025-03-15 11:13:30,353 - INFO - Data scraping completed. JSON saved.
2025-03-16 11:15:01,174 - INFO - Encountered older or already-scraped link: https://www.sbp.org.pk/ecodata/kibor/2025/Mar/Kibor-14-Mar-25.pdf. Exiting...
2025-03-16 11:15:01,357 - INFO - Data scraping completed. JSON saved.
2025-03-17 11:15:09,150 - INFO - Encountered older or already-scraped link: https://www.sbp.org.pk/ecodata/kibor/2025/Mar/Kibor-14-Mar-25.pdf. Exiting...
2025-03-17 11:15:17,366 - INFO - Scraping started for date: 2025-03-17 00:00:00
2025-03-17 11:15:17,533 - INFO - Data scraping completed. JSON saved.
2025-03-18 11:15:14,901 - INFO - Encountered older or already-scraped link: https://www.sbp.org.pk/ecodata/kibor/2025/Mar/Kibor-17-Mar-25.pdf. Exiting...
2025-03-18 11:15:21,029 - INFO - Scraping started for date: 2025-03-18 00:00:00
2025-03-18 11:15:21,230 - INFO - Data scraping completed. JSON saved.
2025-03-19 11:15:07,772 - INFO - Encountered older or already-scraped link: https://www.sbp.org.pk/ecodata/kibor/2025/Mar/Kibor-18-Mar-25.pdf. Exiting...
2025-03-19 11:15:13,959 - INFO - Scraping started for date: 2025-03-19 00:00:00
2025-03-19 11:15:14,127 - INFO - Data scraping completed. JSON saved.
2025-03-20 11:16:18,199 - INFO - Encountered older or already-scraped link: https://www.sbp.org.pk/ecodata/kibor/2025/Mar/Kibor-19-Mar-25.pdf. Exiting...
2025-03-20 11:16:28,405 - ERROR - Error processing PDF at https://www.sbp.org.pk/ecodata/kibor/2025/Mar/Kibor-20-Mar-25.pdf: HTTPSConnectionPool(host='www.sbp.org.pk', port=443): Read timed out. (read timeout=10)
2025-03-20 11:16:28,536 - INFO - Data scraping completed. JSON saved.
2025-03-21 11:15:38,458 - INFO - Encountered older or already-scraped link: https://www.sbp.org.pk/ecodata/kibor/2025/Mar/Kibor-19-Mar-25.pdf. Exiting...
2025-03-21 11:15:44,435 - INFO - Scraping started for date: 2025-03-20 00:00:00
2025-03-21 11:15:45,745 - INFO - Scraping started for date: 2025-03-21 00:00:00
2025-03-21 11:15:45,911 - INFO - Data scraping completed. JSON saved.
2025-03-22 11:14:16,421 - INFO - Encountered older or already-scraped link: https://www.sbp.org.pk/ecodata/kibor/2025/Mar/Kibor-21-Mar-25.pdf. Exiting...
2025-03-22 11:14:16,598 - INFO - Data scraping completed. JSON saved.
2025-03-23 11:15:34,792 - INFO - Encountered older or already-scraped link: https://www.sbp.org.pk/ecodata/kibor/2025/Mar/Kibor-21-Mar-25.pdf. Exiting...
2025-03-23 11:15:34,975 - INFO - Data scraping completed. JSON saved.
2025-03-24 11:15:36,792 - INFO - Encountered older or already-scraped link: https://www.sbp.org.pk/ecodata/kibor/2025/Mar/Kibor-21-Mar-25.pdf. Exiting...
2025-03-24 11:15:42,623 - INFO - Scraping started for date: 2025-03-24 00:00:00
2025-03-24 11:15:42,806 - INFO - Data scraping completed. JSON saved.
2025-03-25 11:15:12,120 - INFO - Encountered older or already-scraped link: https://www.sbp.org.pk/ecodata/kibor/2025/Mar/Kibor-24-Mar-25.pdf. Exiting...
2025-03-25 11:15:20,010 - INFO - Scraping started for date: 2025-03-25 00:00:00
2025-03-25 11:15:20,245 - INFO - Data scraping completed. JSON saved.
2025-03-26 11:15:09,631 - INFO - Encountered older or already-scraped link: https://www.sbp.org.pk/ecodata/kibor/2025/Mar/Kibor-25-Mar-25.pdf. Exiting...
2025-03-26 11:15:09,813 - INFO - Data scraping completed. JSON saved.
2025-03-27 11:14:55,917 - INFO - Encountered older or already-scraped link: https://www.sbp.org.pk/ecodata/kibor/2025/Mar/Kibor-25-Mar-25.pdf. Exiting...
2025-03-27 11:15:03,478 - INFO - Scraping started for date: 2025-03-27 00:00:00
2025-03-27 11:15:03,646 - INFO - Data scraping completed. JSON saved.
2025-03-28 11:14:51,369 - INFO - Encountered older or already-scraped link: https://www.sbp.org.pk/ecodata/kibor/2025/Mar/Kibor-27-Mar-25.pdf. Exiting...
2025-03-28 11:14:57,485 - INFO - Scraping started for date: 2025-03-28 00:00:00
2025-03-28 11:14:57,687 - INFO - Data scraping completed. JSON saved.
2025-03-29 11:16:43,954 - INFO - Encountered older or already-scraped link: https://www.sbp.org.pk/ecodata/kibor/2025/Mar/Kibor-28-Mar-25.pdf. Exiting...
2025-03-29 11:16:44,446 - INFO - Data scraping completed. JSON saved.
2025-03-30 11:14:55,946 - INFO - Encountered older or already-scraped link: https://www.sbp.org.pk/ecodata/kibor/2025/Mar/Kibor-28-Mar-25.pdf. Exiting...
2025-03-30 11:14:56,128 - INFO - Data scraping completed. JSON saved.
2025-03-31 11:15:12,720 - INFO - Encountered older or already-scraped link: https://www.sbp.org.pk/ecodata/kibor/2025/Mar/Kibor-28-Mar-25.pdf. Exiting...
2025-03-31 11:15:12,903 - INFO - Data scraping completed. JSON saved.
2025-04-01 11:15:59,635 - INFO - Encountered older or already-scraped link: https://www.sbp.org.pk/ecodata/kibor/2025/Mar/Kibor-28-Mar-25.pdf. Exiting...
2025-04-01 11:15:59,816 - INFO - Data scraping completed. JSON saved.
2025-04-02 11:15:20,690 - INFO - Encountered older or already-scraped link: https://www.sbp.org.pk/ecodata/kibor/2025/Mar/Kibor-28-Mar-25.pdf. Exiting...
2025-04-02 11:15:20,877 - INFO - Data scraping completed. JSON saved.
2025-04-03 11:17:08,907 - INFO - Encountered older or already-scraped link: https://www.sbp.org.pk/ecodata/kibor/2025/Mar/Kibor-28-Mar-25.pdf. Exiting...
2025-04-03 11:17:16,481 - INFO - Scraping started for date: 2025-04-03 00:00:00
2025-04-03 11:17:16,762 - INFO - Data scraping completed. JSON saved.
2025-04-04 11:16:28,037 - INFO - Encountered older or already-scraped link: https://www.sbp.org.pk/ecodata/kibor/2025/Apr/Kibor-03-Apr-25.pdf. Exiting...
2025-04-04 11:16:34,160 - INFO - Scraping started for date: 2025-04-04 00:00:00
2025-04-04 11:16:34,364 - INFO - Data scraping completed. JSON saved.
2025-04-05 11:13:54,599 - INFO - Encountered older or already-scraped link: https://www.sbp.org.pk/ecodata/kibor/2025/Apr/Kibor-04-Apr-25.pdf. Exiting...
2025-04-05 11:13:54,783 - INFO - Data scraping completed. JSON saved.
2025-04-06 11:13:52,517 - INFO - Encountered older or already-scraped link: https://www.sbp.org.pk/ecodata/kibor/2025/Apr/Kibor-04-Apr-25.pdf. Exiting...
2025-04-06 11:13:52,690 - INFO - Data scraping completed. JSON saved.
2025-04-07 11:15:59,798 - INFO - Encountered older or already-scraped link: https://www.sbp.org.pk/ecodata/kibor/2025/Apr/Kibor-04-Apr-25.pdf. Exiting...
2025-04-07 11:16:07,400 - INFO - Scraping started for date: 2025-04-07 00:00:00
2025-04-07 11:16:07,586 - INFO - Data scraping completed. JSON saved.
2025-04-08 11:15:36,615 - INFO - Encountered older or already-scraped link: https://www.sbp.org.pk/ecodata/kibor/2025/Apr/Kibor-07-Apr-25.pdf. Exiting...
2025-04-08 11:15:36,812 - INFO - Data scraping completed. JSON saved.
2025-04-09 11:16:04,625 - INFO - Encountered older or already-scraped link: https://www.sbp.org.pk/ecodata/kibor/2025/Apr/Kibor-07-Apr-25.pdf. Exiting...
2025-04-09 11:16:10,446 - INFO - Scraping started for date: 2025-04-08 00:00:00
2025-04-09 11:16:11,562 - INFO - Scraping started for date: 2025-04-09 00:00:00
2025-04-09 11:16:11,726 - INFO - Data scraping completed. JSON saved.
2025-04-10 11:15:35,364 - INFO - Encountered older or already-scraped link: https://www.sbp.org.pk/ecodata/kibor/2025/Apr/Kibor-09-Apr-25.pdf. Exiting...
2025-04-10 11:15:43,182 - INFO - Scraping started for date: 2025-04-10 00:00:00
2025-04-10 11:15:43,358 - INFO - Data scraping completed. JSON saved.
2025-04-11 11:14:55,120 - INFO - Encountered older or already-scraped link: https://www.sbp.org.pk/ecodata/kibor/2025/Apr/Kibor-10-Apr-25.pdf. Exiting...
2025-04-11 11:14:55,311 - INFO - Data scraping completed. JSON saved.
2025-04-12 11:13:48,755 - INFO - Encountered older or already-scraped link: https://www.sbp.org.pk/ecodata/kibor/2025/Apr/Kibor-10-Apr-25.pdf. Exiting...
2025-04-12 11:13:57,099 - INFO - Scraping started for date: 2025-04-11 00:00:00
2025-04-12 11:13:57,309 - INFO - Data scraping completed. JSON saved.
2025-04-13 11:13:52,025 - INFO - Encountered older or already-scraped link: https://www.sbp.org.pk/ecodata/kibor/2025/Apr/Kibor-11-Apr-25.pdf. Exiting...
2025-04-13 11:13:52,289 - INFO - Data scraping completed. JSON saved.
2025-04-14 11:19:30,477 - INFO - Encountered older or already-scraped link: https://www.sbp.org.pk/ecodata/kibor/2025/Apr/Kibor-11-Apr-25.pdf. Exiting...
2025-04-14 11:19:30,665 - INFO - Data scraping completed. JSON saved.
2025-04-15 11:15:35,088 - INFO - Encountered older or already-scraped link: https://www.sbp.org.pk/ecodata/kibor/2025/Apr/Kibor-11-Apr-25.pdf. Exiting...
2025-04-15 11:15:43,003 - INFO - Scraping started for date: 2025-04-14 00:00:00
2025-04-15 11:15:43,169 - INFO - Data scraping completed. JSON saved.
2025-04-16 11:16:01,717 - INFO - Encountered older or already-scraped link: https://www.sbp.org.pk/ecodata/kibor/2025/Apr/Kibor-14-Apr-25.pdf. Exiting...
2025-04-16 11:16:09,007 - INFO - Scraping started for date: 2025-04-15 00:00:00
2025-04-16 11:16:09,200 - INFO - Data scraping completed. JSON saved.
2025-04-17 11:15:08,152 - INFO - Encountered older or already-scraped link: https://www.sbp.org.pk/ecodata/kibor/2025/Apr/Kibor-15-Apr-25.pdf. Exiting...
2025-04-17 11:15:13,350 - INFO - Scraping started for date: 2025-04-16 00:00:00
2025-04-17 11:15:13,533 - INFO - Data scraping completed. JSON saved.
2025-04-18 11:15:07,916 - INFO - Encountered older or already-scraped link: https://www.sbp.org.pk/ecodata/kibor/2025/Apr/Kibor-16-Apr-25.pdf. Exiting...
2025-04-18 11:15:15,531 - INFO - Scraping started for date: 2025-04-17 00:00:00
2025-04-18 11:15:15,698 - INFO - Data scraping completed. JSON saved.
2025-04-19 11:15:23,111 - INFO - Encountered older or already-scraped link: https://www.sbp.org.pk/ecodata/kibor/2025/Apr/Kibor-17-Apr-25.pdf. Exiting...
2025-04-19 11:15:28,875 - INFO - Scraping started for date: 2025-04-18 00:00:00
2025-04-19 11:15:29,053 - INFO - Data scraping completed. JSON saved.
2025-04-20 11:14:33,123 - INFO - Encountered older or already-scraped link: https://www.sbp.org.pk/ecodata/kibor/2025/Apr/Kibor-18-Apr-25.pdf. Exiting...
2025-04-20 11:14:33,305 - INFO - Data scraping completed. JSON saved.
2025-04-21 11:15:30,243 - INFO - Encountered older or already-scraped link: https://www.sbp.org.pk/ecodata/kibor/2025/Apr/Kibor-18-Apr-25.pdf. Exiting...
2025-04-21 11:15:30,585 - INFO - Data scraping completed. JSON saved.
2025-04-22 11:15:38,057 - INFO - Encountered older or already-scraped link: https://www.sbp.org.pk/ecodata/kibor/2025/Apr/Kibor-18-Apr-25.pdf. Exiting...
2025-04-22 11:15:44,603 - INFO - Scraping started for date: 2025-04-21 00:00:00
2025-04-22 11:15:44,788 - INFO - Data scraping completed. JSON saved.
2025-04-23 11:16:16,671 - INFO - Encountered older or already-scraped link: https://www.sbp.org.pk/ecodata/kibor/2025/Apr/Kibor-21-Apr-25.pdf. Exiting...
2025-04-23 11:16:24,069 - INFO - Scraping started for date: 2025-04-23 00:00:00
2025-04-23 11:16:25,650 - INFO - Scraping started for date: 2025-04-22 00:00:00
2025-04-23 11:16:25,815 - INFO - Data scraping completed. JSON saved.
2025-04-24 11:15:59,243 - INFO - Encountered older or already-scraped link: https://www.sbp.org.pk/ecodata/kibor/2025/Apr/Kibor-23-Apr-25.pdf. Exiting...
2025-04-24 11:16:07,125 - INFO - Scraping started for date: 2025-04-24 00:00:00
2025-04-24 11:16:07,324 - INFO - Data scraping completed. JSON saved.
2025-04-25 11:15:29,771 - INFO - Encountered older or already-scraped link: https://www.sbp.org.pk/ecodata/kibor/2025/Apr/Kibor-24-Apr-25.pdf. Exiting...
2025-04-25 11:15:29,952 - INFO - Data scraping completed. JSON saved.
2025-04-26 11:13:48,922 - INFO - Encountered older or already-scraped link: https://www.sbp.org.pk/ecodata/kibor/2025/Apr/Kibor-24-Apr-25.pdf. Exiting...
2025-04-26 11:13:56,497 - INFO - Scraping started for date: 2025-04-25 00:00:00
2025-04-26 11:13:56,677 - INFO - Data scraping completed. JSON saved.
2025-04-27 11:13:40,830 - INFO - Encountered older or already-scraped link: https://www.sbp.org.pk/ecodata/kibor/2025/Apr/Kibor-25-Apr-25.pdf. Exiting...
2025-04-27 11:13:41,018 - INFO - Data scraping completed. JSON saved.
2025-04-28 11:35:56,633 - INFO - Encountered older or already-scraped link: https://www.sbp.org.pk/ecodata/kibor/2025/Apr/Kibor-25-Apr-25.pdf. Exiting...
2025-04-28 11:36:04,561 - INFO - Scraping started for date: 2025-04-28 00:00:00
2025-04-28 11:36:04,760 - INFO - Data scraping completed. JSON saved.
2025-04-29 11:15:56,138 - INFO - Encountered older or already-scraped link: https://www.sbp.org.pk/ecodata/kibor/2025/Apr/Kibor-28-Apr-25.pdf. Exiting...
2025-04-29 11:15:56,450 - INFO - Data scraping completed. JSON saved.
2025-04-30 11:15:34,162 - INFO - Encountered older or already-scraped link: https://www.sbp.org.pk/ecodata/kibor/2025/Apr/Kibor-28-Apr-25.pdf. Exiting...
2025-04-30 11:15:42,164 - INFO - Scraping started for date: 2025-04-29 00:00:00
2025-04-30 11:15:42,333 - INFO - Data scraping completed. JSON saved.
2025-05-01 11:15:28,459 - INFO - Encountered older or already-scraped link: https://www.sbp.org.pk/ecodata/kibor/2025/Apr/Kibor-29-Apr-25.pdf. Exiting...
2025-05-01 11:15:35,929 - INFO - Scraping started for date: 2025-04-30 00:00:00
2025-05-01 11:15:36,159 - INFO - Data scraping completed. JSON saved.
2025-05-02 11:16:51,548 - INFO - Encountered older or already-scraped link: https://www.sbp.org.pk/ecodata/kibor/2025/Apr/Kibor-30-Apr-25.pdf. Exiting...
2025-05-02 11:17:02,570 - INFO - Scraping started for date: 2025-05-02 00:00:00
2025-05-02 11:17:02,778 - INFO - Data scraping completed. JSON saved.
2025-05-03 11:15:04,530 - INFO - Encountered older or already-scraped link: https://www.sbp.org.pk/ecodata/kibor/2025/May/Kibor-02-May-25.pdf. Exiting...
2025-05-03 11:15:04,712 - INFO - Data scraping completed. JSON saved.
2025-05-04 11:14:27,689 - INFO - Encountered older or already-scraped link: https://www.sbp.org.pk/ecodata/kibor/2025/May/Kibor-02-May-25.pdf. Exiting...
2025-05-04 11:14:27,859 - INFO - Data scraping completed. JSON saved.
2025-05-05 11:15:52,482 - INFO - Encountered older or already-scraped link: https://www.sbp.org.pk/ecodata/kibor/2025/May/Kibor-02-May-25.pdf. Exiting...
2025-05-05 11:15:52,871 - INFO - Data scraping completed. JSON saved.
2025-05-06 11:16:15,136 - INFO - Encountered older or already-scraped link: https://www.sbp.org.pk/ecodata/kibor/2025/May/Kibor-02-May-25.pdf. Exiting...
2025-05-06 11:16:21,092 - INFO - Scraping started for date: 2025-05-05 00:00:00
2025-05-06 11:16:22,581 - INFO - Scraping started for date: 2025-05-06 00:00:00
2025-05-06 11:16:22,750 - INFO - Data scraping completed. JSON saved.
2025-05-07 11:16:43,899 - INFO - Encountered older or already-scraped link: https://www.sbp.org.pk/ecodata/kibor/2025/May/Kibor-06-May-25.pdf. Exiting...
2025-05-07 11:16:44,085 - INFO - Data scraping completed. JSON saved.
2025-05-08 11:16:51,147 - INFO - Encountered older or already-scraped link: https://www.sbp.org.pk/ecodata/kibor/2025/May/Kibor-06-May-25.pdf. Exiting...
2025-05-08 11:16:57,812 - INFO - Scraping started for date: 2025-05-07 00:00:00
2025-05-08 11:16:58,014 - INFO - Data scraping completed. JSON saved.
2025-05-09 11:15:29,906 - INFO - Encountered older or already-scraped link: https://www.sbp.org.pk/ecodata/kibor/2025/May/Kibor-07-May-25.pdf. Exiting...
2025-05-09 11:15:39,756 - INFO - Scraping started for date: 2025-05-08 00:00:00
2025-05-09 11:15:39,949 - INFO - Data scraping completed. JSON saved.
2025-05-10 11:15:26,641 - INFO - Encountered older or already-scraped link: https://www.sbp.org.pk/ecodata/kibor/2025/May/Kibor-08-May-25.pdf. Exiting...
2025-05-10 11:15:33,462 - INFO - Scraping started for date: 2025-05-09 00:00:00
2025-05-10 11:15:33,663 - INFO - Data scraping completed. JSON saved.
2025-05-11 11:14:13,781 - INFO - Encountered older or already-scraped link: https://www.sbp.org.pk/ecodata/kibor/2025/May/Kibor-09-May-25.pdf. Exiting...
2025-05-11 11:14:13,996 - INFO - Data scraping completed. JSON saved.
2025-05-12 11:16:50,205 - INFO - Encountered older or already-scraped link: https://www.sbp.org.pk/ecodata/kibor/2025/May/Kibor-09-May-25.pdf. Exiting...
2025-05-12 11:16:50,718 - INFO - Data scraping completed. JSON saved.
2025-05-13 11:16:30,465 - INFO - Encountered older or already-scraped link: https://www.sbp.org.pk/ecodata/kibor/2025/May/Kibor-09-May-25.pdf. Exiting...
2025-05-13 11:16:40,389 - INFO - Scraping started for date: 2025-05-12 00:00:00
2025-05-13 11:16:40,564 - INFO - Data scraping completed. JSON saved.
2025-05-14 11:16:13,799 - INFO - Encountered older or already-scraped link: https://www.sbp.org.pk/ecodata/kibor/2025/May/Kibor-12-May-25.pdf. Exiting...
2025-05-14 11:16:21,141 - INFO - Scraping started for date: 2025-05-13 00:00:00
2025-05-14 11:16:24,647 - INFO - Scraping started for date: 2025-05-14 00:00:00
2025-05-14 11:16:24,817 - INFO - Data scraping completed. JSON saved.
2025-05-15 11:16:36,663 - INFO - Encountered older or already-scraped link: https://www.sbp.org.pk/ecodata/kibor/2025/May/Kibor-14-May-25.pdf. Exiting...
2025-05-15 11:16:36,851 - INFO - Data scraping completed. JSON saved.
2025-05-16 11:16:50,484 - INFO - Encountered older or already-scraped link: https://www.sbp.org.pk/ecodata/kibor/2025/May/Kibor-14-May-25.pdf. Exiting...
2025-05-16 11:16:57,127 - INFO - Scraping started for date: 2025-05-15 00:00:00
2025-05-16 11:16:57,313 - INFO - Data scraping completed. JSON saved.
2025-05-17 11:14:15,794 - INFO - Encountered older or already-scraped link: https://www.sbp.org.pk/ecodata/kibor/2025/May/Kibor-15-May-25.pdf. Exiting...
2025-05-17 11:14:22,219 - INFO - Scraping started for date: 2025-05-16 00:00:00
2025-05-17 11:14:22,405 - INFO - Data scraping completed. JSON saved.
2025-05-18 11:15:17,355 - INFO - Encountered older or already-scraped link: https://www.sbp.org.pk/ecodata/kibor/2025/May/Kibor-16-May-25.pdf. Exiting...
2025-05-18 11:15:17,618 - INFO - Data scraping completed. JSON saved.
2025-05-19 11:16:46,936 - INFO - Encountered older or already-scraped link: https://www.sbp.org.pk/ecodata/kibor/2025/May/Kibor-16-May-25.pdf. Exiting...
2025-05-19 11:16:47,146 - INFO - Data scraping completed. JSON saved.
2025-05-20 11:16:21,820 - INFO - Encountered older or already-scraped link: https://www.sbp.org.pk/ecodata/kibor/2025/May/Kibor-16-May-25.pdf. Exiting...
2025-05-20 11:16:30,106 - INFO - Scraping started for date: 2025-05-20 00:00:00
2025-05-20 11:16:31,259 - INFO - Scraping started for date: 2025-05-19 00:00:00
2025-05-20 11:16:31,436 - INFO - Data scraping completed. JSON saved.
2025-05-21 11:16:30,470 - INFO - Encountered older or already-scraped link: https://www.sbp.org.pk/ecodata/kibor/2025/May/Kibor-20-May-25.pdf. Exiting...
2025-05-21 11:16:39,706 - INFO - Scraping started for date: 2025-05-21 00:00:00
2025-05-21 11:16:39,880 - INFO - Data scraping completed. JSON saved.
2025-05-22 11:17:22,779 - INFO - Encountered older or already-scraped link: https://www.sbp.org.pk/ecodata/kibor/2025/May/Kibor-21-May-25.pdf. Exiting...
2025-05-22 11:17:22,969 - INFO - Data scraping completed. JSON saved.
2025-05-23 11:15:56,011 - INFO - Encountered older or already-scraped link: https://www.sbp.org.pk/ecodata/kibor/2025/May/Kibor-21-May-25.pdf. Exiting...
2025-05-23 11:16:02,229 - INFO - Scraping started for date: 2025-05-22 00:00:00
2025-05-23 11:16:02,401 - INFO - Data scraping completed. JSON saved.
2025-05-24 11:15:31,766 - INFO - Encountered older or already-scraped link: https://www.sbp.org.pk/ecodata/kibor/2025/May/Kibor-22-May-25.pdf. Exiting...
2025-05-24 11:15:39,546 - INFO - Scraping started for date: 2025-05-23 00:00:00
2025-05-24 11:15:39,731 - INFO - Data scraping completed. JSON saved.
2025-05-25 11:14:32,389 - INFO - Encountered older or already-scraped link: https://www.sbp.org.pk/ecodata/kibor/2025/May/Kibor-23-May-25.pdf. Exiting...
2025-05-25 11:14:32,572 - INFO - Data scraping completed. JSON saved.
2025-05-26 11:15:25,061 - INFO - Encountered older or already-scraped link: https://www.sbp.org.pk/ecodata/kibor/2025/May/Kibor-23-May-25.pdf. Exiting...
2025-05-26 11:15:25,251 - INFO - Data scraping completed. JSON saved.
2025-05-27 11:16:29,887 - INFO - Encountered older or already-scraped link: https://www.sbp.org.pk/ecodata/kibor/2025/May/Kibor-23-May-25.pdf. Exiting...
2025-05-27 11:16:36,007 - INFO - Scraping started for date: 2025-05-26 00:00:00
2025-05-27 11:16:36,264 - INFO - Data scraping completed. JSON saved.
2025-05-28 11:18:35,235 - INFO - Encountered older or already-scraped link: https://www.sbp.org.pk/ecodata/kibor/2025/May/Kibor-26-May-25.pdf. Exiting...
2025-05-28 11:18:42,464 - INFO - Scraping started for date: 2025-05-27 00:00:00
2025-05-28 11:18:42,680 - INFO - Data scraping completed. JSON saved.
2025-05-29 11:16:21,398 - INFO - Encountered older or already-scraped link: https://www.sbp.org.pk/ecodata/kibor/2025/May/Kibor-27-May-25.pdf. Exiting...
2025-05-29 11:16:21,594 - INFO - Data scraping completed. JSON saved.
2025-05-30 11:15:39,067 - INFO - Encountered older or already-scraped link: https://www.sbp.org.pk/ecodata/kibor/2025/May/Kibor-27-May-25.pdf. Exiting...
2025-05-30 11:15:50,181 - INFO - Scraping started for date: 2025-05-29 00:00:00
2025-05-30 11:15:50,415 - INFO - Data scraping completed. JSON saved.
2025-05-31 11:14:38,882 - INFO - Encountered older or already-scraped link: https://www.sbp.org.pk/ecodata/kibor/2025/May/Kibor-29-May-25.pdf. Exiting...
2025-05-31 11:14:50,070 - INFO - Scraping started for date: 2025-05-30 00:00:00
2025-05-31 11:14:50,239 - INFO - Data scraping completed. JSON saved.
2025-06-01 11:14:50,106 - INFO - Encountered older or already-scraped link: https://www.sbp.org.pk/ecodata/kibor/2025/May/Kibor-30-May-25.pdf. Exiting...
2025-06-01 11:14:50,294 - INFO - Data scraping completed. JSON saved.
2025-06-02 11:16:58,356 - INFO - Encountered older or already-scraped link: https://www.sbp.org.pk/ecodata/kibor/2025/May/Kibor-30-May-25.pdf. Exiting...
2025-06-02 11:16:58,540 - INFO - Data scraping completed. JSON saved.
2025-06-03 11:16:58,172 - INFO - Encountered older or already-scraped link: https://www.sbp.org.pk/ecodata/kibor/2025/May/Kibor-30-May-25.pdf. Exiting...
2025-06-03 11:17:05,491 - INFO - Scraping started for date: 2025-06-03 00:00:00
2025-06-03 11:17:06,904 - INFO - Scraping started for date: 2025-06-02 00:00:00
2025-06-03 11:17:07,070 - INFO - Data scraping completed. JSON saved.
2025-06-04 11:18:10,117 - INFO - Encountered older or already-scraped link: https://www.sbp.org.pk/ecodata/kibor/2025/Jun/Kibor-03-Jun-25.pdf. Exiting...
2025-06-04 11:18:16,045 - INFO - Scraping started for date: 2025-06-04 00:00:00
2025-06-04 11:18:16,267 - INFO - Data scraping completed. JSON saved.
2025-06-05 11:18:17,530 - INFO - Encountered older or already-scraped link: https://www.sbp.org.pk/ecodata/kibor/2025/Jun/Kibor-04-Jun-25.pdf. Exiting...
2025-06-05 11:18:17,993 - INFO - Data scraping completed. JSON saved.
2025-06-06 11:17:24,289 - INFO - Encountered older or already-scraped link: https://www.sbp.org.pk/ecodata/kibor/2025/Jun/Kibor-04-Jun-25.pdf. Exiting...
2025-06-06 11:17:48,650 - ERROR - Error processing PDF at https://www.sbp.org.pk/ecodata/kibor/2025/Jun/Kibor-05-Jun-25.pdf: HTTPSConnectionPool(host='www.sbp.org.pk', port=443): Read timed out.
2025-06-06 11:17:48,789 - INFO - Data scraping completed. JSON saved.
2025-06-07 11:14:40,964 - INFO - Encountered older or already-scraped link: https://www.sbp.org.pk/ecodata/kibor/2025/Jun/Kibor-04-Jun-25.pdf. Exiting...
2025-06-07 11:14:48,642 - INFO - Scraping started for date: 2025-06-05 00:00:00
2025-06-07 11:14:48,817 - INFO - Data scraping completed. JSON saved.
2025-06-08 11:16:19,871 - INFO - Encountered older or already-scraped link: https://www.sbp.org.pk/ecodata/kibor/2025/Jun/Kibor-05-Jun-25.pdf. Exiting...
2025-06-08 11:16:20,481 - INFO - Data scraping completed. JSON saved.
2025-06-09 11:17:55,504 - INFO - Encountered older or already-scraped link: https://www.sbp.org.pk/ecodata/kibor/2025/Jun/Kibor-05-Jun-25.pdf. Exiting...
2025-06-09 11:17:55,684 - INFO - Data scraping completed. JSON saved.
2025-06-10 11:16:47,147 - INFO - Encountered older or already-scraped link: https://www.sbp.org.pk/ecodata/kibor/2025/Jun/Kibor-05-Jun-25.pdf. Exiting...
2025-06-10 11:16:47,406 - INFO - Data scraping completed. JSON saved.
2025-06-11 11:17:08,646 - INFO - Encountered older or already-scraped link: https://www.sbp.org.pk/ecodata/kibor/2025/Jun/Kibor-05-Jun-25.pdf. Exiting...
2025-06-11 11:17:14,563 - INFO - Scraping started for date: 2025-06-10 00:00:00
2025-06-11 11:17:14,745 - INFO - Data scraping completed. JSON saved.
2025-06-12 11:17:07,866 - INFO - Encountered older or already-scraped link: https://www.sbp.org.pk/ecodata/kibor/2025/Jun/Kibor-10-Jun-25.pdf. Exiting...
2025-06-12 11:17:16,206 - INFO - Scraping started for date: 2025-06-11 00:00:00
2025-06-12 11:17:16,750 - INFO - Scraping started for date: 2025-06-12 00:00:00
2025-06-12 11:17:16,911 - INFO - Data scraping completed. JSON saved.
2025-06-13 11:16:39,681 - INFO - Encountered older or already-scraped link: https://www.sbp.org.pk/ecodata/kibor/2025/Jun/Kibor-12-Jun-25.pdf. Exiting...
2025-06-13 11:16:48,133 - INFO - Scraping started for date: 2025-06-13 00:00:00
2025-06-13 11:16:48,336 - INFO - Data scraping completed. JSON saved.
2025-06-14 11:14:55,223 - INFO - Encountered older or already-scraped link: https://www.sbp.org.pk/ecodata/kibor/2025/Jun/Kibor-13-Jun-25.pdf. Exiting...
2025-06-14 11:14:55,522 - INFO - Data scraping completed. JSON saved.
2025-06-15 11:15:39,067 - INFO - Encountered older or already-scraped link: https://www.sbp.org.pk/ecodata/kibor/2025/Jun/Kibor-13-Jun-25.pdf. Exiting...
2025-06-15 11:15:39,390 - INFO - Data scraping completed. JSON saved.
2025-06-16 11:17:23,141 - INFO - Encountered older or already-scraped link: https://www.sbp.org.pk/ecodata/kibor/2025/Jun/Kibor-13-Jun-25.pdf. Exiting...
2025-06-16 11:17:23,320 - INFO - Data scraping completed. JSON saved.
2025-06-17 11:17:12,664 - INFO - Encountered older or already-scraped link: https://www.sbp.org.pk/ecodata/kibor/2025/Jun/Kibor-13-Jun-25.pdf. Exiting...
2025-06-17 11:17:18,598 - INFO - Scraping started for date: 2025-06-16 00:00:00
2025-06-17 11:17:28,873 - INFO - Scraping started for date: 2025-06-17 00:00:00
2025-06-17 11:17:29,040 - INFO - Data scraping completed. JSON saved.
2025-06-18 11:17:12,049 - INFO - Encountered older or already-scraped link: https://www.sbp.org.pk/ecodata/kibor/2025/Jun/Kibor-17-Jun-25.pdf. Exiting...
2025-06-18 11:17:19,021 - INFO - Scraping started for date: 2025-06-18 00:00:00
2025-06-18 11:17:19,237 - INFO - Data scraping completed. JSON saved.
2025-06-19 11:17:08,342 - INFO - Encountered older or already-scraped link: https://www.sbp.org.pk/ecodata/kibor/2025/Jun/Kibor-18-Jun-25.pdf. Exiting...
2025-06-19 11:17:08,522 - INFO - Data scraping completed. JSON saved.
2025-06-20 11:17:43,457 - INFO - Encountered older or already-scraped link: https://www.sbp.org.pk/ecodata/kibor/2025/Jun/Kibor-18-Jun-25.pdf. Exiting...
2025-06-20 11:17:52,378 - INFO - Scraping started for date: 2025-06-19 00:00:00
2025-06-20 11:17:52,604 - INFO - Data scraping completed. JSON saved.
2025-06-21 11:16:08,070 - INFO - Encountered older or already-scraped link: https://www.sbp.org.pk/ecodata/kibor/2025/Jun/Kibor-19-Jun-25.pdf. Exiting...
2025-06-21 11:16:15,543 - INFO - Scraping started for date: 2025-06-20 00:00:00
2025-06-21 11:16:15,725 - INFO - Data scraping completed. JSON saved.
2025-06-22 11:15:23,903 - INFO - Encountered older or already-scraped link: https://www.sbp.org.pk/ecodata/kibor/2025/Jun/Kibor-20-Jun-25.pdf. Exiting...
2025-06-22 11:15:24,085 - INFO - Data scraping completed. JSON saved.
2025-06-23 11:18:19,979 - INFO - Encountered older or already-scraped link: https://www.sbp.org.pk/ecodata/kibor/2025/Jun/Kibor-20-Jun-25.pdf. Exiting...
2025-06-23 11:18:29,023 - INFO - Scraping started for date: 2025-06-23 00:00:00
2025-06-23 11:18:29,679 - INFO - Data scraping completed. JSON saved.
2025-06-24 11:17:33,300 - INFO - Encountered older or already-scraped link: https://www.sbp.org.pk/ecodata/kibor/2025/Jun/Kibor-23-Jun-25.pdf. Exiting...
2025-06-24 11:17:39,340 - INFO - Scraping started for date: 2025-06-24 00:00:00
2025-06-24 11:17:39,518 - INFO - Data scraping completed. JSON saved.
2025-06-25 11:17:19,930 - INFO - Encountered older or already-scraped link: https://www.sbp.org.pk/ecodata/kibor/2025/Jun/Kibor-24-Jun-25.pdf. Exiting...
2025-06-25 11:17:20,114 - INFO - Data scraping completed. JSON saved.
2025-06-26 11:17:05,392 - INFO - Encountered older or already-scraped link: https://www.sbp.org.pk/ecodata/kibor/2025/Jun/Kibor-24-Jun-25.pdf. Exiting...
2025-06-26 11:17:15,413 - INFO - Scraping started for date: 2025-06-25 00:00:00
2025-06-26 11:17:15,592 - INFO - Data scraping completed. JSON saved.
